# JRE version: Java(TM) SE Runtime Environment (8.0_201-b09) (build 1.8.0_201-b09)
# Java VM: Java HotSpot(TM) 64-Bit Server VM (25.201-b09 mixed mode windows-amd64 compressed oops)
Heap:
 PSYoungGen      total 70144K, used 59078K [0x00000000eb580000, 0x00000000f0180000, 0x0000000100000000)
  eden space 63488K, 93% used [0x00000000eb580000,0x00000000eef31950,0x00000000ef380000)
  from space 6656K, 0% used [0x00000000efb00000,0x00000000efb00000,0x00000000f0180000)
  to   space 7168K, 0% used [0x00000000ef380000,0x00000000ef380000,0x00000000efa80000)
 ParOldGen       total 33280K, used 5776K [0x00000000c2000000, 0x00000000c4080000, 0x00000000eb580000)
  object space 33280K, 17% used [0x00000000c2000000,0x00000000c25a4330,0x00000000c4080000)
 Metaspace       used 25676K, capacity 26476K, committed 26544K, reserved 1073152K
  class space    used 3290K, capacity 3473K, committed 3504K, reserved 1048576K
GC Heap History (10 events):
Event: 1.119 GC heap before
{Heap before GC invocations=3 (full 0):
 PSYoungGen      total 18432K, used 18414K [0x00000000eb580000, 0x00000000ed980000, 0x0000000100000000)
  eden space 15872K, 100% used [0x00000000eb580000,0x00000000ec500000,0x00000000ec500000)
  from space 2560K, 99% used [0x00000000ec780000,0x00000000ec9fbb10,0x00000000eca00000)
  to   space 2560K, 0% used [0x00000000ec500000,0x00000000ec500000,0x00000000ec780000)
 ParOldGen       total 42496K, used 1643K [0x00000000c2000000, 0x00000000c4980000, 0x00000000eb580000)
  object space 42496K, 3% used [0x00000000c2000000,0x00000000c219aff0,0x00000000c4980000)
 Metaspace       used 12273K, capacity 12596K, committed 12800K, reserved 1060864K
  class space    used 1555K, capacity 1668K, committed 1792K, reserved 1048576K
Event: 1.125 GC heap after
Heap after GC invocations=3 (full 0):
 PSYoungGen      total 18432K, used 2560K [0x00000000eb580000, 0x00000000ed980000, 0x0000000100000000)
  eden space 15872K, 0% used [0x00000000eb580000,0x00000000eb580000,0x00000000ec500000)
  from space 2560K, 100% used [0x00000000ec500000,0x00000000ec780000,0x00000000ec780000)
  to   space 2560K, 0% used [0x00000000ed700000,0x00000000ed700000,0x00000000ed980000)
 ParOldGen       total 42496K, used 3242K [0x00000000c2000000, 0x00000000c4980000, 0x00000000eb580000)
  object space 42496K, 7% used [0x00000000c2000000,0x00000000c232ab28,0x00000000c4980000)
 Metaspace       used 12273K, capacity 12596K, committed 12800K, reserved 1060864K
  class space    used 1555K, capacity 1668K, committed 1792K, reserved 1048576K
}
Event: 1.256 GC heap before
{Heap before GC invocations=4 (full 0):
 PSYoungGen      total 18432K, used 18432K [0x00000000eb580000, 0x00000000ed980000, 0x0000000100000000)
  eden space 15872K, 100% used [0x00000000eb580000,0x00000000ec500000,0x00000000ec500000)
  from space 2560K, 100% used [0x00000000ec500000,0x00000000ec780000,0x00000000ec780000)
  to   space 2560K, 0% used [0x00000000ed700000,0x00000000ed700000,0x00000000ed980000)
 ParOldGen       total 42496K, used 3242K [0x00000000c2000000, 0x00000000c4980000, 0x00000000eb580000)
  object space 42496K, 7% used [0x00000000c2000000,0x00000000c232ab80,0x00000000c4980000)
 Metaspace       used 13798K, capacity 14238K, committed 14336K, reserved 1060864K
  class space    used 1811K, capacity 1959K, committed 2048K, reserved 1048576K
Event: 1.263 GC heap after
Heap after GC invocations=4 (full 0):
 PSYoungGen      total 34304K, used 2560K [0x00000000eb580000, 0x00000000ed980000, 0x0000000100000000)
  eden space 31744K, 0% used [0x00000000eb580000,0x00000000eb580000,0x00000000ed480000)
  from space 2560K, 100% used [0x00000000ed700000,0x00000000ed980000,0x00000000ed980000)
  to   space 2560K, 0% used [0x00000000ed480000,0x00000000ed480000,0x00000000ed700000)
 ParOldGen       total 42496K, used 5139K [0x00000000c2000000, 0x00000000c4980000, 0x00000000eb580000)
  object space 42496K, 12% used [0x00000000c2000000,0x00000000c2504d70,0x00000000c4980000)
 Metaspace       used 13798K, capacity 14238K, committed 14336K, reserved 1060864K
  class space    used 1811K, capacity 1959K, committed 2048K, reserved 1048576K
}
Event: 1.589 GC heap before
{Heap before GC invocations=5 (full 0):
 PSYoungGen      total 34304K, used 34304K [0x00000000eb580000, 0x00000000ed980000, 0x0000000100000000)
  eden space 31744K, 100% used [0x00000000eb580000,0x00000000ed480000,0x00000000ed480000)
  from space 2560K, 100% used [0x00000000ed700000,0x00000000ed980000,0x00000000ed980000)
  to   space 2560K, 0% used [0x00000000ed480000,0x00000000ed480000,0x00000000ed700000)
 ParOldGen       total 42496K, used 5176K [0x00000000c2000000, 0x00000000c4980000, 0x00000000eb580000)
  object space 42496K, 12% used [0x00000000c2000000,0x00000000c250e280,0x00000000c4980000)
 Metaspace       used 19209K, capacity 19716K, committed 20096K, reserved 1067008K
  class space    used 2451K, capacity 2586K, committed 2688K, reserved 1048576K
Event: 1.597 GC heap after
Heap after GC invocations=5 (full 0):
 PSYoungGen      total 34304K, used 2544K [0x00000000eb580000, 0x00000000f0280000, 0x0000000100000000)
  eden space 31744K, 0% used [0x00000000eb580000,0x00000000eb580000,0x00000000ed480000)
  from space 2560K, 99% used [0x00000000ed480000,0x00000000ed6fc010,0x00000000ed700000)
  to   space 7680K, 0% used [0x00000000efb00000,0x00000000efb00000,0x00000000f0280000)
 ParOldGen       total 42496K, used 10382K [0x00000000c2000000, 0x00000000c4980000, 0x00000000eb580000)
  object space 42496K, 24% used [0x00000000c2000000,0x00000000c2a23940,0x00000000c4980000)
 Metaspace       used 19209K, capacity 19716K, committed 20096K, reserved 1067008K
  class space    used 2451K, capacity 2586K, committed 2688K, reserved 1048576K
}
Event: 1.758 GC heap before
{Heap before GC invocations=6 (full 0):
 PSYoungGen      total 34304K, used 15387K [0x00000000eb580000, 0x00000000f0280000, 0x0000000100000000)
  eden space 31744K, 40% used [0x00000000eb580000,0x00000000ec20ae50,0x00000000ed480000)
  from space 2560K, 99% used [0x00000000ed480000,0x00000000ed6fc010,0x00000000ed700000)
  to   space 7680K, 0% used [0x00000000efb00000,0x00000000efb00000,0x00000000f0280000)
 ParOldGen       total 42496K, used 10382K [0x00000000c2000000, 0x00000000c4980000, 0x00000000eb580000)
  object space 42496K, 24% used [0x00000000c2000000,0x00000000c2a23940,0x00000000c4980000)
 Metaspace       used 20733K, capacity 21212K, committed 21296K, reserved 1067008K
  class space    used 2683K, capacity 2848K, committed 2864K, reserved 1048576K
Event: 1.764 GC heap after
Heap after GC invocations=6 (full 0):
 PSYoungGen      total 70144K, used 4534K [0x00000000eb580000, 0x00000000f0180000, 0x0000000100000000)
  eden space 63488K, 0% used [0x00000000eb580000,0x00000000eb580000,0x00000000ef380000)
  from space 6656K, 68% used [0x00000000efb00000,0x00000000eff6d8a0,0x00000000f0180000)
  to   space 7168K, 0% used [0x00000000ef380000,0x00000000ef380000,0x00000000efa80000)
 ParOldGen       total 42496K, used 10390K [0x00000000c2000000, 0x00000000c4980000, 0x00000000eb580000)
  object space 42496K, 24% used [0x00000000c2000000,0x00000000c2a25940,0x00000000c4980000)
 Metaspace       used 20733K, capacity 21212K, committed 21296K, reserved 1067008K
  class space    used 2683K, capacity 2848K, committed 2864K, reserved 1048576K
}
Event: 1.764 GC heap before
{Heap before GC invocations=7 (full 1):
 PSYoungGen      total 70144K, used 4534K [0x00000000eb580000, 0x00000000f0180000, 0x0000000100000000)
  eden space 63488K, 0% used [0x00000000eb580000,0x00000000eb580000,0x00000000ef380000)
  from space 6656K, 68% used [0x00000000efb00000,0x00000000eff6d8a0,0x00000000f0180000)
  to   space 7168K, 0% used [0x00000000ef380000,0x00000000ef380000,0x00000000efa80000)
 ParOldGen       total 42496K, used 10390K [0x00000000c2000000, 0x00000000c4980000, 0x00000000eb580000)
  object space 42496K, 24% used [0x00000000c2000000,0x00000000c2a25940,0x00000000c4980000)
 Metaspace       used 20733K, capacity 21212K, committed 21296K, reserved 1067008K
  class space    used 2683K, capacity 2848K, committed 2864K, reserved 1048576K
Event: 1.799 GC heap after
Heap after GC invocations=7 (full 1):
 PSYoungGen      total 70144K, used 0K [0x00000000eb580000, 0x00000000f0180000, 0x0000000100000000)
  eden space 63488K, 0% used [0x00000000eb580000,0x00000000eb580000,0x00000000ef380000)
  from space 6656K, 0% used [0x00000000efb00000,0x00000000efb00000,0x00000000f0180000)
  to   space 7168K, 0% used [0x00000000ef380000,0x00000000ef380000,0x00000000efa80000)
 ParOldGen       total 33280K, used 5776K [0x00000000c2000000, 0x00000000c4080000, 0x00000000eb580000)
  object space 33280K, 17% used [0x00000000c2000000,0x00000000c25a4330,0x00000000c4080000)
 Metaspace       used 20733K, capacity 21212K, committed 21296K, reserved 1067008K
  class space    used 2683K, capacity 2848K, committed 2864K, reserved 1048576K
}

